99.09.19 11:17 B F:\Ezine\Summer1999\Ezine\scores\accumtest.sco <-- Werewolf /public_html/Ezine/scores accumtest.sco
99.09.19 11:17 B F:\Ezine\Summer1999\Ezine\scores\accumtest1.sco <-- Werewolf /public_html/Ezine/scores accumtest1.sco
99.09.19 11:17 B F:\Ezine\Summer1999\Ezine\scores\mask2events.sco <-- Werewolf /public_html/Ezine/scores mask2events.sco
99.09.19 11:17 B F:\Ezine\Summer1999\Ezine\scores\masktest.sco <-- Werewolf /public_html/Ezine/scores masktest.sco
99.09.19 11:17 B F:\Ezine\Summer1999\Ezine\scores\masktest1.sco <-- Werewolf /public_html/Ezine/scores masktest1.sco
99.09.19 11:17 B F:\Ezine\Summer1999\Ezine\scores\masktest2.sco <-- Werewolf /public_html/Ezine/scores masktest2.sco
99.09.19 11:17 B F:\Ezine\Summer1999\Ezine\scores\masktest3.sco <-- Werewolf /public_html/Ezine/scores masktest3.sco
99.09.19 11:17 B F:\Ezine\Summer1999\Ezine\scores\masktest4.sco <-- Werewolf /public_html/Ezine/scores masktest4.sco
99.09.19 11:17 B F:\Ezine\Summer1999\Ezine\scores\masktest5.sco <-- Werewolf /public_html/Ezine/scores masktest5.sco
99.09.19 11:17 B F:\Ezine\Summer1999\Ezine\scores\quantest.sco <-- Werewolf /public_html/Ezine/scores quantest.sco
99.09.19 11:17 B F:\Ezine\Summer1999\Ezine\scores\quantest1.sco <-- Werewolf /public_html/Ezine/scores quantest1.sco
99.09.19 11:17 B F:\Ezine\Summer1999\Ezine\scores\quantest2.sco <-- Werewolf /public_html/Ezine/scores quantest2.sco
99.09.19 11:18 B F:\Ezine\Summer1999\Ezine\scores\quantest3.sco <-- Werewolf /public_html/Ezine/scores quantest3.sco
99.09.19 11:36 B F:\Ezine\Summer1999\Ezine\scores\accumtest.sco --> werewolf.net /public_html/Ezine/Summer1999/scores accumtest.sco
99.09.19 11:36 B F:\Ezine\Summer1999\Ezine\scores\accumtest1.sco --> werewolf.net /public_html/Ezine/Summer1999/scores accumtest1.sco
99.09.19 11:36 B F:\Ezine\Summer1999\Ezine\scores\mask2events.sco --> werewolf.net /public_html/Ezine/Summer1999/scores mask2events.sco
99.09.19 11:36 B F:\Ezine\Summer1999\Ezine\scores\masktest.sco --> werewolf.net /public_html/Ezine/Summer1999/scores masktest.sco
99.09.19 11:36 B F:\Ezine\Summer1999\Ezine\scores\masktest1.sco --> werewolf.net /public_html/Ezine/Summer1999/scores masktest1.sco
99.09.19 11:36 B F:\Ezine\Summer1999\Ezine\scores\masktest2.sco --> werewolf.net /public_html/Ezine/Summer1999/scores masktest2.sco
99.09.19 11:36 B F:\Ezine\Summer1999\Ezine\scores\masktest3.sco --> werewolf.net /public_html/Ezine/Summer1999/scores masktest3.sco
99.09.19 11:36 B F:\Ezine\Summer1999\Ezine\scores\masktest4.sco --> werewolf.net /public_html/Ezine/Summer1999/scores masktest4.sco
99.09.19 11:36 B F:\Ezine\Summer1999\Ezine\scores\masktest5.sco --> werewolf.net /public_html/Ezine/Summer1999/scores masktest5.sco
99.09.19 11:36 B F:\Ezine\Summer1999\Ezine\scores\quantest.sco --> werewolf.net /public_html/Ezine/Summer1999/scores quantest.sco
99.09.19 11:36 B F:\Ezine\Summer1999\Ezine\scores\quantest1.sco --> werewolf.net /public_html/Ezine/Summer1999/scores quantest1.sco
99.09.19 11:36 B F:\Ezine\Summer1999\Ezine\scores\quantest2.sco --> werewolf.net /public_html/Ezine/Summer1999/scores quantest2.sco
99.09.19 11:36 B F:\Ezine\Summer1999\Ezine\scores\quantest3.sco --> werewolf.net /public_html/Ezine/Summer1999/scores quantest3.sco
